2026-06-03 19:46:23.863574 | BLOCKED | <script>alert('test')</script
2026-06-03 19:46:50.397191 | SUCCESS | what is two plus two
2026-06-03 19:51:59.419926 | SUCCESS | 2323434324+343432423
2026-06-03 19:52:08.329182 | SUCCESS | 21345645+36423
2026-06-03 19:52:17.297666 | SUCCESS | 275753+383854
2026-06-03 19:52:27.578365 | SUCCESS | 2323434324+343432423
2026-06-03 19:52:28.144226 | FAILED | 2323434324+343432423
2026-06-03 19:52:29.885382 | SUCCESS | 2323434324+343432423
2026-06-03 19:52:32.389538 | SUCCESS | 2323434324+343432423
2026-06-03 19:52:34.733593 | SUCCESS | 2323434324+343432423
2026-06-03 19:52:36.506898 | SUCCESS | 2323434324+343432423
2026-06-03 19:52:38.622501 | SUCCESS | 2323434324+343432423
2026-06-03 19:52:40.330408 | SUCCESS | 2323434324+343432423
2026-06-03 19:52:45.366619 | SUCCESS | 2323434324+343432423
2026-06-03 19:52:49.809504 | SUCCESS | 2323434324+343432423
2026-06-03 19:52:51.679006 | SUCCESS | 2323434324+343432423
2026-06-03 19:52:53.894630 | SUCCESS | 2323434324+343432423
2026-06-03 19:52:55.978309 | SUCCESS | 2323434324+343432423
2026-06-16 04:27:17.669262 | SUCCESS | 2 + 2
2026-06-16 04:28:05.503064 | FAILED | 2 plus 2
2026-06-16 04:28:29.923091 | SUCCESS | what is 2 plus 2
2026-06-16 04:28:37.526592 | SUCCESS | 2 plus 2
2026-06-16 04:30:22.628141 | SUCCESS | x squared minus nine equals zero
2026-06-16 04:32:29.273986 | SUCCESS | what happens when three apples are added to five apples
